<html>
<head>
<title>TestNG:  Command line test</title>
<link href="../testng.css" rel="stylesheet" type="text/css" />
<link href="../my-testng.css" rel="stylesheet" type="text/css" />

<style type="text/css">
.log { display: none;} 
.stack-trace { display: none;} 
</style>
<script type="text/javascript">
<!--
function flip(e) {
  current = e.style.display;
  if (current == 'block') {
    e.style.display = 'none';
    return 0;
  }
  else {
    e.style.display = 'block';
    return 1;
  }
}

function toggleBox(szDivId, elem, msg1, msg2)
{
  var res = -1;  if (document.getElementById) {
    res = flip(document.getElementById(szDivId));
  }
  else if (document.all) {
    // this is the way old msie versions work
    res = flip(document.all[szDivId]);
  }
  if(elem) {
    if(res == 0) elem.innerHTML = msg1; else elem.innerHTML = msg2;
  }

}

function toggleAllBoxes() {
  if (document.getElementsByTagName) {
    d = document.getElementsByTagName('div');
    for (i = 0; i < d.length; i++) {
      if (d[i].className == 'log') {
        flip(d[i]);
      }
    }
  }
}

// -->
</script>

</head>
<body>
<h2 align='center'>Command line test</h2><table border='1' align="center">
<tr>
<td>Tests passed/Failed/Skipped:</td><td>0/0/5</td>
</tr><tr>
<td>Started on:</td><td>Wed Dec 26 03:23:51 HST 2018</td>
</tr>
<tr><td>Total time:</td><td>0 seconds (450 ms)</td>
</tr><tr>
<td>Included groups:</td><td></td>
</tr><tr>
<td>Excluded groups:</td><td></td>
</tr>
</table><p/>
<small><i>(Hover the method name to see the test class name)</i></small><p/>
<table width='100%' border='1' class='invocation-failed'>
<tr><td colspan='4' align='center'><b>FAILED CONFIGURATIONS</b></td></tr>
<tr><td><b>Test method</b></td>
<td width="30%"><b>Exception</b></td>
<td width="10%"><b>Time (seconds)</b></td>
<td><b>Instance</b></td>
</tr>
<tr>
<td title='com.expedia.flightsbooking.TestNG_Grouping.beforeClass()'><b>beforeClass</b><br>Test class: com.expedia.flightsbooking.TestNG_Grouping</td>
<td><div><pre>java.lang.NoClassDefFoundError: com/relevantcodes/extentreports/ExtentReports
	at com.expedia.flightsbooking.TestNG_Grouping.beforeClass(TestNG_Grouping.java:18)
Caused by: java.lang.ClassNotFoundException: com.relevantcodes.extentreports.ExtentReports
	at java.net.URLClassLoader.findClass(Unknown Source)
	at java.lang.ClassLoader.loadClass(Unknown Source)
	at sun.misc.Launcher$AppClassLoader.loadClass(Unknown Source)
	at java.lang.ClassLoader.loadClass(Unknown Source)
	... 35 more
... Removed 34 stack frames</pre></div><a href='#' onClick='toggleBox("stack-trace1734853116", this, "Click to show all stack frames", "Click to hide stack frames")'>Click to show all stack frames</a>
<div class='stack-trace' id='stack-trace1734853116'><pre>java.lang.NoClassDefFoundError: com/relevantcodes/extentreports/ExtentReports
	at com.expedia.flightsbooking.TestNG_Grouping.beforeClass(TestNG_Grouping.java:18)
	at sun.reflect.NativeMethodAccessorImpl.invoke0(Native Method)
	at sun.reflect.NativeMethodAccessorImpl.invoke(Unknown Source)
	at sun.reflect.DelegatingMethodAccessorImpl.invoke(Unknown Source)
	at java.lang.reflect.Method.invoke(Unknown Source)
	at org.testng.internal.MethodInvocationHelper.invokeMethod(MethodInvocationHelper.java:84)
	at org.testng.internal.Invoker.invokeConfigurationMethod(Invoker.java:564)
	at org.testng.internal.Invoker.invokeConfigurations(Invoker.java:213)
	at org.testng.internal.Invoker.invokeConfigurations(Invoker.java:138)
	at org.testng.internal.TestMethodWorker.invokeBeforeClassMethods(TestMethodWorker.java:175)
	at org.testng.internal.TestMethodWorker.run(TestMethodWorker.java:107)
	at org.testng.TestRunner.privateRun(TestRunner.java:767)
	at org.testng.TestRunner.run(TestRunner.java:617)
	at org.testng.SuiteRunner.runTest(SuiteRunner.java:334)
	at org.testng.SuiteRunner.runSequentially(SuiteRunner.java:329)
	at org.testng.SuiteRunner.privateRun(SuiteRunner.java:291)
	at org.testng.SuiteRunner.run(SuiteRunner.java:240)
	at org.testng.SuiteRunnerWorker.runSuite(SuiteRunnerWorker.java:52)
	at org.testng.SuiteRunnerWorker.run(SuiteRunnerWorker.java:86)
	at org.testng.TestNG.runSuitesSequentially(TestNG.java:1224)
	at org.testng.TestNG.runSuitesLocally(TestNG.java:1149)
	at org.testng.TestNG.run(TestNG.java:1057)
	at org.apache.maven.surefire.testng.TestNGExecutor.run(TestNGExecutor.java:77)
	at org.apache.maven.surefire.testng.TestNGDirectoryTestSuite.executeMulti(TestNGDirectoryTestSuite.java:159)
	at org.apache.maven.surefire.testng.TestNGDirectoryTestSuite.execute(TestNGDirectoryTestSuite.java:99)
	at org.apache.maven.surefire.testng.TestNGProvider.invoke(TestNGProvider.java:106)
	at sun.reflect.NativeMethodAccessorImpl.invoke0(Native Method)
	at sun.reflect.NativeMethodAccessorImpl.invoke(Unknown Source)
	at sun.reflect.DelegatingMethodAccessorImpl.invoke(Unknown Source)
	at java.lang.reflect.Method.invoke(Unknown Source)
	at org.apache.maven.surefire.util.ReflectionUtils.invokeMethodWithArray(ReflectionUtils.java:189)
	at org.apache.maven.surefire.booter.ProviderFactory$ProviderProxy.invoke(ProviderFactory.java:165)
	at org.apache.maven.surefire.booter.ProviderFactory.invokeProvider(ProviderFactory.java:85)
	at org.apache.maven.surefire.booter.ForkedBooter.runSuitesInProcess(ForkedBooter.java:115)
	at org.apache.maven.surefire.booter.ForkedBooter.main(ForkedBooter.java:75)
Caused by: java.lang.ClassNotFoundException: com.relevantcodes.extentreports.ExtentReports
	at java.net.URLClassLoader.findClass(Unknown Source)
	at java.lang.ClassLoader.loadClass(Unknown Source)
	at sun.misc.Launcher$AppClassLoader.loadClass(Unknown Source)
	at java.lang.ClassLoader.loadClass(Unknown Source)
	... 35 more
</pre></div></td>
<td>0</td>
<td>com.expedia.flightsbooking.TestNG_Grouping@3c09711b</td></tr>
<tr>
<td title='com.expedia.flightsbooking.TestNG_TestSuite.beforeClass()'><b>beforeClass</b><br>Test class: com.expedia.flightsbooking.TestNG_TestSuite</td>
<td><div><pre>org.openqa.selenium.WebDriverException: Cannot find firefox binary in PATH. Make sure firefox is installed. OS appears to be: XP
Build info: version: &apos;2.46.0&apos;, revision: &apos;61506a4624b13675f24581e453592342b7485d71&apos;, time: &apos;2015-06-04 10:22:50&apos;
System info: host: &apos;DESKTOP-PMRKS2H&apos;, ip: &apos;192.168.1.4&apos;, os.name: &apos;Windows 10&apos;, os.arch: &apos;amd64&apos;, os.version: &apos;10.0&apos;, java.version: &apos;1.8.0_191&apos;
Driver info: driver.version: FirefoxDriver
	at org.openqa.selenium.firefox.internal.Executable.&lt;init&gt;(Executable.java:74)
	at org.openqa.selenium.firefox.FirefoxBinary.&lt;init&gt;(FirefoxBinary.java:60)
	at org.openqa.selenium.firefox.FirefoxBinary.&lt;init&gt;(FirefoxBinary.java:56)
	at org.openqa.selenium.firefox.FirefoxDriver.&lt;init&gt;(FirefoxDriver.java:124)
	at com.expedia.flightsbooking.TestNG_TestSuite.beforeClass(TestNG_TestSuite.java:22)
... Removed 34 stack frames</pre></div><a href='#' onClick='toggleBox("stack-trace222624801", this, "Click to show all stack frames", "Click to hide stack frames")'>Click to show all stack frames</a>
<div class='stack-trace' id='stack-trace222624801'><pre>org.openqa.selenium.WebDriverException: Cannot find firefox binary in PATH. Make sure firefox is installed. OS appears to be: XP
Build info: version: &apos;2.46.0&apos;, revision: &apos;61506a4624b13675f24581e453592342b7485d71&apos;, time: &apos;2015-06-04 10:22:50&apos;
System info: host: &apos;DESKTOP-PMRKS2H&apos;, ip: &apos;192.168.1.4&apos;, os.name: &apos;Windows 10&apos;, os.arch: &apos;amd64&apos;, os.version: &apos;10.0&apos;, java.version: &apos;1.8.0_191&apos;
Driver info: driver.version: FirefoxDriver
	at org.openqa.selenium.firefox.internal.Executable.&lt;init&gt;(Executable.java:74)
	at org.openqa.selenium.firefox.FirefoxBinary.&lt;init&gt;(FirefoxBinary.java:60)
	at org.openqa.selenium.firefox.FirefoxBinary.&lt;init&gt;(FirefoxBinary.java:56)
	at org.openqa.selenium.firefox.FirefoxDriver.&lt;init&gt;(FirefoxDriver.java:124)
	at com.expedia.flightsbooking.TestNG_TestSuite.beforeClass(TestNG_TestSuite.java:22)
	at sun.reflect.NativeMethodAccessorImpl.invoke0(Native Method)
	at sun.reflect.NativeMethodAccessorImpl.invoke(Unknown Source)
	at sun.reflect.DelegatingMethodAccessorImpl.invoke(Unknown Source)
	at java.lang.reflect.Method.invoke(Unknown Source)
	at org.testng.internal.MethodInvocationHelper.invokeMethod(MethodInvocationHelper.java:84)
	at org.testng.internal.Invoker.invokeConfigurationMethod(Invoker.java:564)
	at org.testng.internal.Invoker.invokeConfigurations(Invoker.java:213)
	at org.testng.internal.Invoker.invokeConfigurations(Invoker.java:138)
	at org.testng.internal.TestMethodWorker.invokeBeforeClassMethods(TestMethodWorker.java:175)
	at org.testng.internal.TestMethodWorker.run(TestMethodWorker.java:107)
	at org.testng.TestRunner.privateRun(TestRunner.java:767)
	at org.testng.TestRunner.run(TestRunner.java:617)
	at org.testng.SuiteRunner.runTest(SuiteRunner.java:334)
	at org.testng.SuiteRunner.runSequentially(SuiteRunner.java:329)
	at org.testng.SuiteRunner.privateRun(SuiteRunner.java:291)
	at org.testng.SuiteRunner.run(SuiteRunner.java:240)
	at org.testng.SuiteRunnerWorker.runSuite(SuiteRunnerWorker.java:52)
	at org.testng.SuiteRunnerWorker.run(SuiteRunnerWorker.java:86)
	at org.testng.TestNG.runSuitesSequentially(TestNG.java:1224)
	at org.testng.TestNG.runSuitesLocally(TestNG.java:1149)
	at org.testng.TestNG.run(TestNG.java:1057)
	at org.apache.maven.surefire.testng.TestNGExecutor.run(TestNGExecutor.java:77)
	at org.apache.maven.surefire.testng.TestNGDirectoryTestSuite.executeMulti(TestNGDirectoryTestSuite.java:159)
	at org.apache.maven.surefire.testng.TestNGDirectoryTestSuite.execute(TestNGDirectoryTestSuite.java:99)
	at org.apache.maven.surefire.testng.TestNGProvider.invoke(TestNGProvider.java:106)
	at sun.reflect.NativeMethodAccessorImpl.invoke0(Native Method)
	at sun.reflect.NativeMethodAccessorImpl.invoke(Unknown Source)
	at sun.reflect.DelegatingMethodAccessorImpl.invoke(Unknown Source)
	at java.lang.reflect.Method.invoke(Unknown Source)
	at org.apache.maven.surefire.util.ReflectionUtils.invokeMethodWithArray(ReflectionUtils.java:189)
	at org.apache.maven.surefire.booter.ProviderFactory$ProviderProxy.invoke(ProviderFactory.java:165)
	at org.apache.maven.surefire.booter.ProviderFactory.invokeProvider(ProviderFactory.java:85)
	at org.apache.maven.surefire.booter.ForkedBooter.runSuitesInProcess(ForkedBooter.java:115)
	at org.apache.maven.surefire.booter.ForkedBooter.main(ForkedBooter.java:75)
</pre></div></td>
<td>0</td>
<td>com.expedia.flightsbooking.TestNG_TestSuite@13c78c0b</td></tr>
</table><p>
<table width='100%' border='1' class='invocation-skipped'>
<tr><td colspan='4' align='center'><b>SKIPPED CONFIGURATIONS</b></td></tr>
<tr><td><b>Test method</b></td>
<td width="30%"><b>Exception</b></td>
<td width="10%"><b>Time (seconds)</b></td>
<td><b>Instance</b></td>
</tr>
<tr>
<td title='com.expedia.flightsbooking.TestNG_Grouping.beforeMethod()'><b>beforeMethod</b><br>Test class: com.expedia.flightsbooking.TestNG_Grouping</td>
<td></td>
<td>0</td>
<td>com.expedia.flightsbooking.TestNG_Grouping@3c09711b</td></tr>
<tr>
<td title='com.expedia.flightsbooking.TestNG_Grouping.beforeMethod()'><b>beforeMethod</b><br>Test class: com.expedia.flightsbooking.TestNG_Grouping</td>
<td></td>
<td>0</td>
<td>com.expedia.flightsbooking.TestNG_Grouping@3c09711b</td></tr>
<tr>
<td title='com.expedia.flightsbooking.TestNG_Grouping.beforeMethod()'><b>beforeMethod</b><br>Test class: com.expedia.flightsbooking.TestNG_Grouping</td>
<td></td>
<td>0</td>
<td>com.expedia.flightsbooking.TestNG_Grouping@3c09711b</td></tr>
<tr>
<td title='com.expedia.flightsbooking.TestNG_Grouping.beforeMethod()'><b>beforeMethod</b><br>Test class: com.expedia.flightsbooking.TestNG_Grouping</td>
<td></td>
<td>0</td>
<td>com.expedia.flightsbooking.TestNG_Grouping@3c09711b</td></tr>
<tr>
<td title='com.expedia.flightsbooking.TestNG_Grouping.afterMethod()'><b>afterMethod</b><br>Test class: com.expedia.flightsbooking.TestNG_Grouping</td>
<td></td>
<td>0</td>
<td>com.expedia.flightsbooking.TestNG_Grouping@3c09711b</td></tr>
<tr>
<td title='com.expedia.flightsbooking.TestNG_Grouping.afterMethod()'><b>afterMethod</b><br>Test class: com.expedia.flightsbooking.TestNG_Grouping</td>
<td></td>
<td>0</td>
<td>com.expedia.flightsbooking.TestNG_Grouping@3c09711b</td></tr>
<tr>
<td title='com.expedia.flightsbooking.TestNG_Grouping.afterMethod()'><b>afterMethod</b><br>Test class: com.expedia.flightsbooking.TestNG_Grouping</td>
<td></td>
<td>0</td>
<td>com.expedia.flightsbooking.TestNG_Grouping@3c09711b</td></tr>
<tr>
<td title='com.expedia.flightsbooking.TestNG_Grouping.afterMethod()'><b>afterMethod</b><br>Test class: com.expedia.flightsbooking.TestNG_Grouping</td>
<td></td>
<td>0</td>
<td>com.expedia.flightsbooking.TestNG_Grouping@3c09711b</td></tr>
<tr>
<td title='com.expedia.flightsbooking.TestNG_Grouping.afterClass()'><b>afterClass</b><br>Test class: com.expedia.flightsbooking.TestNG_Grouping</td>
<td></td>
<td>0</td>
<td>com.expedia.flightsbooking.TestNG_Grouping@3c09711b</td></tr>
<tr>
<td title='com.expedia.flightsbooking.TestNG_TestSuite.afterClass()'><b>afterClass</b><br>Test class: com.expedia.flightsbooking.TestNG_TestSuite</td>
<td></td>
<td>0</td>
<td>com.expedia.flightsbooking.TestNG_TestSuite@13c78c0b</td></tr>
</table><p>
<table width='100%' border='1' class='invocation-skipped'>
<tr><td colspan='4' align='center'><b>SKIPPED TESTS</b></td></tr>
<tr><td><b>Test method</b></td>
<td width="30%"><b>Exception</b></td>
<td width="10%"><b>Time (seconds)</b></td>
<td><b>Instance</b></td>
</tr>
<tr>
<td title='com.expedia.flightsbooking.TestNG_Grouping.AudiA6()'><b>AudiA6</b><br>Test class: com.expedia.flightsbooking.TestNG_Grouping</td>
<td></td>
<td>0</td>
<td>com.expedia.flightsbooking.TestNG_Grouping@3c09711b</td></tr>
<tr>
<td title='com.expedia.flightsbooking.TestNG_Grouping.BMW3Series()'><b>BMW3Series</b><br>Test class: com.expedia.flightsbooking.TestNG_Grouping</td>
<td></td>
<td>0</td>
<td>com.expedia.flightsbooking.TestNG_Grouping@3c09711b</td></tr>
<tr>
<td title='com.expedia.flightsbooking.TestNG_Grouping.BMWX3()'><b>BMWX3</b><br>Test class: com.expedia.flightsbooking.TestNG_Grouping</td>
<td></td>
<td>0</td>
<td>com.expedia.flightsbooking.TestNG_Grouping@3c09711b</td></tr>
<tr>
<td title='com.expedia.flightsbooking.TestNG_Grouping.HondaAccord()'><b>HondaAccord</b><br>Test class: com.expedia.flightsbooking.TestNG_Grouping</td>
<td></td>
<td>0</td>
<td>com.expedia.flightsbooking.TestNG_Grouping@3c09711b</td></tr>
<tr>
<td title='com.expedia.flightsbooking.TestNG_TestSuite.fillBasicInfo()'><b>fillBasicInfo</b><br>Test class: com.expedia.flightsbooking.TestNG_TestSuite</td>
<td></td>
<td>0</td>
<td>com.expedia.flightsbooking.TestNG_TestSuite@13c78c0b</td></tr>
</table><p>
</body>
</html>